<?xml version="1.0" encoding="UTF-8"?>
<testsuite xmlns:xsi="http://www.w3.org/2001/XMLSchema-instance" xsi:noNamespaceSchemaLocation="https://maven.apache.org/surefire/maven-surefire-plugin/xsd/surefire-test-report-3.0.xsd" version="3.0" name="TestSuite" time="21.656" tests="1" errors="0" skipped="0" failures="0">
  <properties>
    <property name="sun.desktop" value="windows"/>
    <property name="awt.toolkit" value="sun.awt.windows.WToolkit"/>
    <property name="file.encoding.pkg" value="sun.io"/>
    <property name="java.specification.version" value="1.8"/>
    <property name="sun.cpu.isalist" value="amd64"/>
    <property name="sun.jnu.encoding" value="Cp1252"/>
    <property name="java.class.path" value="D:\Eclipse_workspace\Phase3_RestAssuredTestNgProject\target\test-classes;D:\Eclipse_workspace\Phase3_RestAssuredTestNgProject\target\classes;C:\Users\Admin\.m2\repository\org\testng\testng\6.14.3\testng-6.14.3.jar;C:\Users\Admin\.m2\repository\com\beust\jcommander\1.72\jcommander-1.72.jar;C:\Users\Admin\.m2\repository\org\apache-extras\beanshell\bsh\2.0b6\bsh-2.0b6.jar;C:\Users\Admin\.m2\repository\io\rest-assured\rest-assured\4.3.1\rest-assured-4.3.1.jar;C:\Users\Admin\.m2\repository\org\codehaus\groovy\groovy\3.0.3\groovy-3.0.3.jar;C:\Users\Admin\.m2\repository\org\codehaus\groovy\groovy-xml\3.0.3\groovy-xml-3.0.3.jar;C:\Users\Admin\.m2\repository\org\apache\httpcomponents\httpclient\4.5.3\httpclient-4.5.3.jar;C:\Users\Admin\.m2\repository\org\apache\httpcomponents\httpcore\4.4.6\httpcore-4.4.6.jar;C:\Users\Admin\.m2\repository\commons-logging\commons-logging\1.2\commons-logging-1.2.jar;C:\Users\Admin\.m2\repository\commons-codec\commons-codec\1.9\commons-codec-1.9.jar;C:\Users\Admin\.m2\repository\org\apache\httpcomponents\httpmime\4.5.3\httpmime-4.5.3.jar;C:\Users\Admin\.m2\repository\org\hamcrest\hamcrest\2.1\hamcrest-2.1.jar;C:\Users\Admin\.m2\repository\org\ccil\cowan\tagsoup\tagsoup\1.2.1\tagsoup-1.2.1.jar;C:\Users\Admin\.m2\repository\io\rest-assured\xml-path\4.3.1\xml-path-4.3.1.jar;C:\Users\Admin\.m2\repository\org\apache\commons\commons-lang3\3.4\commons-lang3-3.4.jar;C:\Users\Admin\.m2\repository\jakarta\xml\bind\jakarta.xml.bind-api\2.3.3\jakarta.xml.bind-api-2.3.3.jar;C:\Users\Admin\.m2\repository\jakarta\activation\jakarta.activation-api\1.2.2\jakarta.activation-api-1.2.2.jar;C:\Users\Admin\.m2\repository\com\sun\xml\bind\jaxb-impl\2.3.3\jaxb-impl-2.3.3.jar;C:\Users\Admin\.m2\repository\io\rest-assured\json-path\4.3.1\json-path-4.3.1.jar;C:\Users\Admin\.m2\repository\org\codehaus\groovy\groovy-json\3.0.3\groovy-json-3.0.3.jar;C:\Users\Admin\.m2\repository\io\rest-assured\rest-assured-common\4.3.1\rest-assured-common-4.3.1.jar;C:\Users\Admin\.m2\repository\io\rest-assured\json-schema-validator\4.3.1\json-schema-validator-4.3.1.jar;C:\Users\Admin\.m2\repository\com\github\java-json-tools\json-schema-validator\2.2.10\json-schema-validator-2.2.10.jar;C:\Users\Admin\.m2\repository\com\github\java-json-tools\json-schema-core\1.2.10\json-schema-core-1.2.10.jar;C:\Users\Admin\.m2\repository\com\github\java-json-tools\jackson-coreutils\1.9\jackson-coreutils-1.9.jar;C:\Users\Admin\.m2\repository\com\fasterxml\jackson\core\jackson-databind\2.2.3\jackson-databind-2.2.3.jar;C:\Users\Admin\.m2\repository\com\fasterxml\jackson\core\jackson-annotations\2.2.3\jackson-annotations-2.2.3.jar;C:\Users\Admin\.m2\repository\com\fasterxml\jackson\core\jackson-core\2.2.3\jackson-core-2.2.3.jar;C:\Users\Admin\.m2\repository\com\google\guava\guava\16.0.1\guava-16.0.1.jar;C:\Users\Admin\.m2\repository\com\github\fge\msg-simple\1.1\msg-simple-1.1.jar;C:\Users\Admin\.m2\repository\com\github\fge\btf\1.2\btf-1.2.jar;C:\Users\Admin\.m2\repository\com\github\fge\uri-template\0.9\uri-template-0.9.jar;C:\Users\Admin\.m2\repository\org\mozilla\rhino\1.7.7.1\rhino-1.7.7.1.jar;C:\Users\Admin\.m2\repository\javax\mail\mailapi\1.4.3\mailapi-1.4.3.jar;C:\Users\Admin\.m2\repository\javax\activation\activation\1.1\activation-1.1.jar;C:\Users\Admin\.m2\repository\joda-time\joda-time\2.9.7\joda-time-2.9.7.jar;C:\Users\Admin\.m2\repository\com\googlecode\libphonenumber\libphonenumber\8.0.0\libphonenumber-8.0.0.jar;C:\Users\Admin\.m2\repository\com\google\code\findbugs\jsr305\3.0.1\jsr305-3.0.1.jar;C:\Users\Admin\.m2\repository\net\sf\jopt-simple\jopt-simple\5.0.3\jopt-simple-5.0.3.jar;C:\Users\Admin\.m2\repository\org\json\json\20210307\json-20210307.jar;"/>
    <property name="java.vm.vendor" value="Oracle Corporation"/>
    <property name="sun.arch.data.model" value="64"/>
    <property name="user.variant" value=""/>
    <property name="java.vendor.url" value="http://java.oracle.com/"/>
    <property name="user.timezone" value="Asia/Calcutta"/>
    <property name="java.vm.specification.version" value="1.8"/>
    <property name="os.name" value="Windows 10"/>
    <property name="user.country" value="IN"/>
    <property name="sun.java.launcher" value="SUN_STANDARD"/>
    <property name="sun.boot.library.path" value="C:\Program Files\Java\jdk1.8.0_202\jre\bin"/>
    <property name="sun.java.command" value="C:\Users\Admin\AppData\Local\Temp\surefire2844332399698228695\surefirebooter8002623529582961700.jar C:\Users\Admin\AppData\Local\Temp\surefire2844332399698228695 2022-12-17T18-10-51_738-jvmRun1 surefire4342459090229907221tmp surefire_03866181126765778813tmp"/>
    <property name="surefire.test.class.path" value="D:\Eclipse_workspace\Phase3_RestAssuredTestNgProject\target\test-classes;D:\Eclipse_workspace\Phase3_RestAssuredTestNgProject\target\classes;C:\Users\Admin\.m2\repository\org\testng\testng\6.14.3\testng-6.14.3.jar;C:\Users\Admin\.m2\repository\com\beust\jcommander\1.72\jcommander-1.72.jar;C:\Users\Admin\.m2\repository\org\apache-extras\beanshell\bsh\2.0b6\bsh-2.0b6.jar;C:\Users\Admin\.m2\repository\io\rest-assured\rest-assured\4.3.1\rest-assured-4.3.1.jar;C:\Users\Admin\.m2\repository\org\codehaus\groovy\groovy\3.0.3\groovy-3.0.3.jar;C:\Users\Admin\.m2\repository\org\codehaus\groovy\groovy-xml\3.0.3\groovy-xml-3.0.3.jar;C:\Users\Admin\.m2\repository\org\apache\httpcomponents\httpclient\4.5.3\httpclient-4.5.3.jar;C:\Users\Admin\.m2\repository\org\apache\httpcomponents\httpcore\4.4.6\httpcore-4.4.6.jar;C:\Users\Admin\.m2\repository\commons-logging\commons-logging\1.2\commons-logging-1.2.jar;C:\Users\Admin\.m2\repository\commons-codec\commons-codec\1.9\commons-codec-1.9.jar;C:\Users\Admin\.m2\repository\org\apache\httpcomponents\httpmime\4.5.3\httpmime-4.5.3.jar;C:\Users\Admin\.m2\repository\org\hamcrest\hamcrest\2.1\hamcrest-2.1.jar;C:\Users\Admin\.m2\repository\org\ccil\cowan\tagsoup\tagsoup\1.2.1\tagsoup-1.2.1.jar;C:\Users\Admin\.m2\repository\io\rest-assured\xml-path\4.3.1\xml-path-4.3.1.jar;C:\Users\Admin\.m2\repository\org\apache\commons\commons-lang3\3.4\commons-lang3-3.4.jar;C:\Users\Admin\.m2\repository\jakarta\xml\bind\jakarta.xml.bind-api\2.3.3\jakarta.xml.bind-api-2.3.3.jar;C:\Users\Admin\.m2\repository\jakarta\activation\jakarta.activation-api\1.2.2\jakarta.activation-api-1.2.2.jar;C:\Users\Admin\.m2\repository\com\sun\xml\bind\jaxb-impl\2.3.3\jaxb-impl-2.3.3.jar;C:\Users\Admin\.m2\repository\io\rest-assured\json-path\4.3.1\json-path-4.3.1.jar;C:\Users\Admin\.m2\repository\org\codehaus\groovy\groovy-json\3.0.3\groovy-json-3.0.3.jar;C:\Users\Admin\.m2\repository\io\rest-assured\rest-assured-common\4.3.1\rest-assured-common-4.3.1.jar;C:\Users\Admin\.m2\repository\io\rest-assured\json-schema-validator\4.3.1\json-schema-validator-4.3.1.jar;C:\Users\Admin\.m2\repository\com\github\java-json-tools\json-schema-validator\2.2.10\json-schema-validator-2.2.10.jar;C:\Users\Admin\.m2\repository\com\github\java-json-tools\json-schema-core\1.2.10\json-schema-core-1.2.10.jar;C:\Users\Admin\.m2\repository\com\github\java-json-tools\jackson-coreutils\1.9\jackson-coreutils-1.9.jar;C:\Users\Admin\.m2\repository\com\fasterxml\jackson\core\jackson-databind\2.2.3\jackson-databind-2.2.3.jar;C:\Users\Admin\.m2\repository\com\fasterxml\jackson\core\jackson-annotations\2.2.3\jackson-annotations-2.2.3.jar;C:\Users\Admin\.m2\repository\com\fasterxml\jackson\core\jackson-core\2.2.3\jackson-core-2.2.3.jar;C:\Users\Admin\.m2\repository\com\google\guava\guava\16.0.1\guava-16.0.1.jar;C:\Users\Admin\.m2\repository\com\github\fge\msg-simple\1.1\msg-simple-1.1.jar;C:\Users\Admin\.m2\repository\com\github\fge\btf\1.2\btf-1.2.jar;C:\Users\Admin\.m2\repository\com\github\fge\uri-template\0.9\uri-template-0.9.jar;C:\Users\Admin\.m2\repository\org\mozilla\rhino\1.7.7.1\rhino-1.7.7.1.jar;C:\Users\Admin\.m2\repository\javax\mail\mailapi\1.4.3\mailapi-1.4.3.jar;C:\Users\Admin\.m2\repository\javax\activation\activation\1.1\activation-1.1.jar;C:\Users\Admin\.m2\repository\joda-time\joda-time\2.9.7\joda-time-2.9.7.jar;C:\Users\Admin\.m2\repository\com\googlecode\libphonenumber\libphonenumber\8.0.0\libphonenumber-8.0.0.jar;C:\Users\Admin\.m2\repository\com\google\code\findbugs\jsr305\3.0.1\jsr305-3.0.1.jar;C:\Users\Admin\.m2\repository\net\sf\jopt-simple\jopt-simple\5.0.3\jopt-simple-5.0.3.jar;C:\Users\Admin\.m2\repository\org\json\json\20210307\json-20210307.jar;"/>
    <property name="sun.cpu.endian" value="little"/>
    <property name="user.home" value="C:\Users\Admin"/>
    <property name="user.language" value="en"/>
    <property name="java.specification.vendor" value="Oracle Corporation"/>
    <property name="java.home" value="C:\Program Files\Java\jdk1.8.0_202\jre"/>
    <property name="basedir" value="D:\Eclipse_workspace\Phase3_RestAssuredTestNgProject"/>
    <property name="file.separator" value="\"/>
    <property name="line.separator" value="&#10;"/>
    <property name="java.vm.specification.vendor" value="Oracle Corporation"/>
    <property name="java.specification.name" value="Java Platform API Specification"/>
    <property name="java.awt.graphicsenv" value="sun.awt.Win32GraphicsEnvironment"/>
    <property name="surefire.real.class.path" value="C:\Users\Admin\AppData\Local\Temp\surefire2844332399698228695\surefirebooter8002623529582961700.jar"/>
    <property name="sun.boot.class.path" value="C:\Program Files\Java\jdk1.8.0_202\jre\lib\resources.jar;C:\Program Files\Java\jdk1.8.0_202\jre\lib\rt.jar;C:\Program Files\Java\jdk1.8.0_202\jre\lib\sunrsasign.jar;C:\Program Files\Java\jdk1.8.0_202\jre\lib\jsse.jar;C:\Program Files\Java\jdk1.8.0_202\jre\lib\jce.jar;C:\Program Files\Java\jdk1.8.0_202\jre\lib\charsets.jar;C:\Program Files\Java\jdk1.8.0_202\jre\lib\jfr.jar;C:\Program Files\Java\jdk1.8.0_202\jre\classes"/>
    <property name="user.script" value=""/>
    <property name="sun.management.compiler" value="HotSpot 64-Bit Tiered Compilers"/>
    <property name="java.runtime.version" value="1.8.0_202-b08"/>
    <property name="user.name" value="Admin"/>
    <property name="path.separator" value=";"/>
    <property name="os.version" value="10.0"/>
    <property name="java.endorsed.dirs" value="C:\Program Files\Java\jdk1.8.0_202\jre\lib\endorsed"/>
    <property name="java.runtime.name" value="Java(TM) SE Runtime Environment"/>
    <property name="file.encoding" value="Cp1252"/>
    <property name="java.vm.name" value="Java HotSpot(TM) 64-Bit Server VM"/>
    <property name="localRepository" value="C:\Users\Admin\.m2\repository"/>
    <property name="java.vendor.url.bug" value="http://bugreport.sun.com/bugreport/"/>
    <property name="java.io.tmpdir" value="C:\Users\Admin\AppData\Local\Temp\"/>
    <property name="java.version" value="1.8.0_202"/>
    <property name="user.dir" value="D:\Eclipse_workspace\Phase3_RestAssuredTestNgProject"/>
    <property name="os.arch" value="amd64"/>
    <property name="java.vm.specification.name" value="Java Virtual Machine Specification"/>
    <property name="java.awt.printerjob" value="sun.awt.windows.WPrinterJob"/>
    <property name="sun.os.patch.level" value=""/>
    <property name="java.library.path" value="C:\Program Files\Java\jdk1.8.0_202\jre\bin;C:\Windows\Sun\Java\bin;C:\Windows\system32;C:\Windows;C:\Windows\system32;C:\Windows;C:\Windows\System32\Wbem;C:\Windows\System32\WindowsPowerShell\v1.0\;C:\Windows\System32\OpenSSH\;C:\Program Files\Git\cmd;C:\Program Files\MySQL\MySQL Server 8.0\bin;C:\Users\Admin\Downloads\apache-maven-3.8.6-bin\apache-maven-3.8.6\bin;C:\Program Files\Java\jdk1.8.0_202\bin;C:\Program Files\nodejs\;C:\Program Files\MySQL\MySQL Shell 8.0\bin\;C:\Users\Admin\AppData\Local\Programs\Python\Python39\Scripts\;C:\Users\Admin\AppData\Local\Programs\Python\Python39\;C:\Users\Admin\AppData\Local\Microsoft\WindowsApps;C:\Users\Admin\AppData\Roaming\npm;."/>
    <property name="java.vm.info" value="mixed mode"/>
    <property name="java.vendor" value="Oracle Corporation"/>
    <property name="java.vm.version" value="25.202-b08"/>
    <property name="java.ext.dirs" value="C:\Program Files\Java\jdk1.8.0_202\jre\lib\ext;C:\Windows\Sun\Java\lib\ext"/>
    <property name="sun.io.unicode.encoding" value="UnicodeLittle"/>
    <property name="java.class.version" value="52.0"/>
  </properties>
  <testcase name="test1" classname="restAPIProject.EndToEndTest" time="20.231">
    <system-out><![CDATA[[TestNGContentHandler] [WARN] It is strongly recommended to add "<!DOCTYPE suite SYSTEM "http://testng.org/testng-1.0.dtd" >" at the top of your file, otherwise TestNG may fail or not work as expected.
 Get all the Employees
[
  {
    "name": "Neal",
    "salary": "7500",
    "id": 1
  },
  {
    "name": "Priyanka",
    "salary": "8000",
    "id": 5
  },
  {
    "name": "JOHN",
    "salary": "9000",
    "id": 7
  },
  {
    "name": "JOHN",
    "salary": "9000",
    "id": 8
  },
  {
    "name": "Ravi",
    "salary": "12000",
    "id": 9
  },
  {
    "name": "Ramesh",
    "salary": "35000",
    "id": 10
  },
  {
    "name": "Andri",
    "salary": "35000",
    "id": 11
  },
  {
    "name": "Andri",
    "salary": "35000",
    "id": 12
  },
  {
    "name": "Mogli",
    "salary": "34000",
    "id": 13
  }
]
Creating a new employee
{
  "name": "Jacob",
  "salary": "8000",
  "id": 14
}
checking if a new employee is added
The name of new employee is{
  "name": "Jacob",
  "salary": "8000",
  "id": 14
}
Updating the name of the new employee from Jacob to Smith
The updated name of new employee is{
  "name": "Smith",
  "id": 14,
  "salary": "8000"
}
checking if the new name update is reflecting
Deleting the newly created employee
checking if the new employee is deleted 
Fetching all the employees
[
  {
    "name": "Neal",
    "salary": "7500",
    "id": 1
  },
  {
    "name": "Priyanka",
    "salary": "8000",
    "id": 5
  },
  {
    "name": "JOHN",
    "salary": "9000",
    "id": 7
  },
  {
    "name": "JOHN",
    "salary": "9000",
    "id": 8
  },
  {
    "name": "Ravi",
    "salary": "12000",
    "id": 9
  },
  {
    "name": "Ramesh",
    "salary": "35000",
    "id": 10
  },
  {
    "name": "Andri",
    "salary": "35000",
    "id": 11
  },
  {
    "name": "Andri",
    "salary": "35000",
    "id": 12
  },
  {
    "name": "Mogli",
    "salary": "34000",
    "id": 13
  }
]
]]></system-out>
  </testcase>
</testsuite>