<?xml version="1.0" encoding="UTF-8"?>
<!-- Generated by org.testng.reporters.JUnitReportReporter -->
<testsuite hostname="DESKTOP-7SIFO9D" failures="0" tests="1" name="restAPIProject.EndToEndTest" time="4.337" errors="0" timestamp="17 Dec 2022 12:28:35 GMT" skipped="0">
  <testcase classname="restAPIProject.EndToEndTest" name="test1" time="4.337"/>
</testsuite> <!-- restAPIProject.EndToEndTest -->
